{
  "stats": {
    "suites": 1,
    "tests": 1,
    "passes": 1,
    "pending": 0,
    "failures": 0,
    "start": "2020-05-28T11:44:06.462Z",
    "end": "2020-05-28T11:44:08.190Z",
    "duration": 1728,
    "testsRegistered": 1,
    "passPercent": 100,
    "pendingPercent": 0,
    "other": 0,
    "hasOther": false,
    "skipped": 0,
    "hasSkipped": false
  },
  "results": [
    {
      "uuid": "c5bdf69f-97bc-46d9-8bad-7ceb9fe52571",
      "title": "",
      "fullFile": "src/specs/authentication.spec.js",
      "file": "src/specs/authentication.spec.js",
      "beforeHooks": [],
      "afterHooks": [],
      "tests": [],
      "suites": [
        {
          "uuid": "078a89d5-42e4-4547-ab6b-d15cc16a4dee",
          "title": "Authentication spec",
          "fullFile": "",
          "file": "",
          "beforeHooks": [],
          "afterHooks": [],
          "tests": [
            {
              "title": "Normal user can login",
              "fullTitle": "Authentication spec Normal user can login",
              "timedOut": null,
              "duration": 1704,
              "state": "passed",
              "speed": "slow",
              "pass": true,
              "fail": false,
              "pending": false,
              "context": null,
              "code": "cy.visit('');\ncy.get(\"span > button.btn-link\").click();\ncy.get(\"#user-name\").type('dino').should('have.value', 'dino');\ncy.get(\"#password\").type('choochoo').should('have.value', 'choochoo');\ncy.get(\"button.btn-primary\").click();\ncy.get(\"a[href='#/account']\").should('have.text', 'dino');",
              "err": {},
              "uuid": "e35242fa-2381-4e1d-bbba-490371f8511c",
              "parentUUID": "078a89d5-42e4-4547-ab6b-d15cc16a4dee",
              "isHook": false,
              "skipped": false
            }
          ],
          "suites": [],
          "passes": [
            "e35242fa-2381-4e1d-bbba-490371f8511c"
          ],
          "failures": [],
          "pending": [],
          "skipped": [],
          "duration": 1704,
          "root": false,
          "rootEmpty": false,
          "_timeout": 2000
        }
      ],
      "passes": [],
      "failures": [],
      "pending": [],
      "skipped": [],
      "duration": 0,
      "root": true,
      "rootEmpty": true,
      "_timeout": 2000
    }
  ],
  "meta": {
    "mocha": {
      "version": "7.0.1"
    },
    "mochawesome": {
      "options": {
        "quiet": false,
        "reportFilename": "mochawesome",
        "saveHtml": false,
        "saveJson": true,
        "consoleReporter": "spec",
        "useInlineDiffs": false,
        "code": true
      },
      "version": "6.1.1"
    },
    "marge": {
      "options": {
        "id": "default",
        "reportDir": "out/reports",
        "overwrite": false,
        "html": false,
        "json": true
      },
      "version": "5.1.0"
    }
  }
}