{
  "stats": {
    "suites": 2,
    "tests": 2,
    "passes": 2,
    "pending": 0,
    "failures": 0,
    "start": "2020-05-27T13:54:23.414Z",
    "end": "2020-05-27T13:54:23.414Z",
    "duration": 2514,
    "testsRegistered": 2,
    "passPercent": 100,
    "pendingPercent": 0,
    "other": 0,
    "hasOther": false,
    "skipped": 0,
    "hasSkipped": false
  },
  "results": [
    {
      "uuid": "d86ee8a6-a232-4289-b851-0c9b4ad0ae8a",
      "title": "",
      "fullFile": "src/specs/checkout.spec..js",
      "file": "src/specs/checkout.spec..js",
      "beforeHooks": [],
      "afterHooks": [],
      "tests": [],
      "suites": [
        {
          "uuid": "a5cc30ec-36c0-4253-ad42-297d06afa66b",
          "title": "Checkout spec",
          "fullFile": "",
          "file": "",
          "beforeHooks": [],
          "afterHooks": [],
          "tests": [
            {
              "title": "I can add a product to cart",
              "fullTitle": "Checkout spec I can add a product to cart",
              "timedOut": null,
              "duration": 962,
              "state": "passed",
              "speed": "slow",
              "pass": true,
              "fail": false,
              "pending": false,
              "context": null,
              "code": "cy.visit('');\ncy.get(\"div.card button.btn-link\").first().click();\ncy.get(\"span.shopping_cart_badge\").should('have.text', '1');",
              "err": {},
              "uuid": "da5864ba-66db-4787-b446-9050305de184",
              "parentUUID": "a5cc30ec-36c0-4253-ad42-297d06afa66b",
              "isHook": false,
              "skipped": false
            }
          ],
          "suites": [],
          "passes": [
            "da5864ba-66db-4787-b446-9050305de184"
          ],
          "failures": [],
          "pending": [],
          "skipped": [],
          "duration": 962,
          "root": false,
          "rootEmpty": false,
          "_timeout": 2000
        }
      ],
      "passes": [],
      "failures": [],
      "pending": [],
      "skipped": [],
      "duration": 0,
      "root": true,
      "rootEmpty": true,
      "_timeout": 2000
    },
    {
      "uuid": "9e77aa63-d808-4ac7-8e96-26c360dccdc3",
      "title": "",
      "fullFile": "src/specs/authentication.spec.js",
      "file": "src/specs/authentication.spec.js",
      "beforeHooks": [],
      "afterHooks": [],
      "tests": [],
      "suites": [
        {
          "uuid": "4e699245-b27d-4adb-9aec-be8ee0563ee8",
          "title": "Authentication spec",
          "fullFile": "",
          "file": "",
          "beforeHooks": [],
          "afterHooks": [],
          "tests": [
            {
              "title": "I can login as a normal user",
              "fullTitle": "Authentication spec I can login as a normal user",
              "timedOut": null,
              "duration": 1552,
              "state": "passed",
              "speed": "slow",
              "pass": true,
              "fail": false,
              "pending": false,
              "context": null,
              "code": "cy.visit('');\ncy.get(\"span > button.btn-link\").click();\ncy.get(\"#user-name\").type('dino').should('have.value', 'dino');\ncy.get(\"#password\").type('choochoo').should('have.value', 'choochoo');\ncy.get(\"button.btn-primary\").click();\ncy.get(\"a[href='#/account']\").should('have.text', 'dino');",
              "err": {},
              "uuid": "39f0c587-9675-4051-901e-2d94f927dde1",
              "parentUUID": "4e699245-b27d-4adb-9aec-be8ee0563ee8",
              "isHook": false,
              "skipped": false
            }
          ],
          "suites": [],
          "passes": [
            "39f0c587-9675-4051-901e-2d94f927dde1"
          ],
          "failures": [],
          "pending": [],
          "skipped": [],
          "duration": 1552,
          "root": false,
          "rootEmpty": false,
          "_timeout": 2000
        }
      ],
      "passes": [],
      "failures": [],
      "pending": [],
      "skipped": [],
      "duration": 0,
      "root": true,
      "rootEmpty": true,
      "_timeout": 2000
    }
  ],
  "meta": {
    "mocha": {
      "version": "7.0.1"
    },
    "mochawesome": {
      "options": {
        "quiet": false,
        "reportFilename": "mochawesome",
        "saveHtml": false,
        "saveJson": true,
        "consoleReporter": "spec",
        "useInlineDiffs": false,
        "code": true
      },
      "version": "6.1.1"
    },
    "marge": {
      "options": {
        "id": "default",
        "reportDir": "out/reports",
        "overwrite": false,
        "html": false,
        "json": true
      },
      "version": "5.1.0"
    }
  }
}