<?xml version="1.0" encoding="UTF-8"?>
<testsuites name="Mocha Tests" time="0.5940" tests="1" failures="0">
  <testsuite name="Root Suite" timestamp="2021-04-01T21:04:23" tests="0" file="src/specs/checkout.spec..js" time="0.0000" failures="0">
  </testsuite>
  <testsuite name="Checkout spec" timestamp="2021-04-01T21:04:23" tests="1" time="0.5940" failures="0">
    <testcase name="Checkout spec Guest can add a product to cart" time="0.5940" classname="Guest can add a product to cart">
    </testcase>
  </testsuite>
</testsuites>