<?xml version="1.0" encoding="UTF-8"?>
<testsuites name="Mocha Tests" time="1.1590" tests="1" failures="0">
  <testsuite name="Root Suite" timestamp="2022-05-24T11:12:31" tests="0" file="src/specs/authentication.spec.js" time="0.0000" failures="0">
  </testsuite>
  <testsuite name="Authentication spec" timestamp="2022-05-24T11:12:31" tests="1" time="1.1590" failures="0">
    <testcase name="Authentication spec Normal user can login" time="1.1590" classname="Normal user can login">
    </testcase>
  </testsuite>
</testsuites>