{
  "stats": {
    "suites": 1,
    "tests": 1,
    "passes": 1,
    "pending": 0,
    "failures": 0,
    "start": "2023-12-05T22:18:10.415Z",
    "end": "2023-12-05T22:18:10.835Z",
    "duration": 420,
    "testsRegistered": 1,
    "passPercent": 100,
    "pendingPercent": 0,
    "other": 0,
    "hasOther": false,
    "skipped": 0,
    "hasSkipped": false
  },
  "results": [
    {
      "uuid": "1da77f78-9b68-4ae0-a025-de1138b868e1",
      "title": "",
      "fullFile": "src/specs/checkout.spec..js",
      "file": "src/specs/checkout.spec..js",
      "beforeHooks": [],
      "afterHooks": [],
      "tests": [],
      "suites": [
        {
          "uuid": "6dcd1de6-7a67-46a3-bde0-c51ec7c5ff89",
          "title": "Checkout spec",
          "fullFile": "",
          "file": "",
          "beforeHooks": [],
          "afterHooks": [],
          "tests": [
            {
              "title": "Guest can add a product to cart",
              "fullTitle": "Checkout spec Guest can add a product to cart",
              "timedOut": null,
              "duration": 408,
              "state": "passed",
              "speed": "slow",
              "pass": true,
              "fail": false,
              "pending": false,
              "context": null,
              "code": "cy.visit('');\ncy.get(\"div.card button.btn-link\").first().click();\ncy.get(\"span.shopping_cart_badge\").should('have.text', '1');",
              "err": {},
              "uuid": "11faf36e-04a6-4730-b8cc-a0b8c9f2b682",
              "parentUUID": "6dcd1de6-7a67-46a3-bde0-c51ec7c5ff89",
              "isHook": false,
              "skipped": false
            }
          ],
          "suites": [],
          "passes": [
            "11faf36e-04a6-4730-b8cc-a0b8c9f2b682"
          ],
          "failures": [],
          "pending": [],
          "skipped": [],
          "duration": 408,
          "root": false,
          "rootEmpty": false,
          "_timeout": 2000
        }
      ],
      "passes": [],
      "failures": [],
      "pending": [],
      "skipped": [],
      "duration": 0,
      "root": true,
      "rootEmpty": true,
      "_timeout": 2000
    }
  ],
  "meta": {
    "mocha": {
      "version": "7.0.1"
    },
    "mochawesome": {
      "options": {
        "quiet": false,
        "reportFilename": "mochawesome",
        "saveHtml": false,
        "saveJson": true,
        "consoleReporter": "spec",
        "useInlineDiffs": false,
        "code": true
      },
      "version": "6.1.1"
    },
    "marge": {
      "options": {
        "id": "default",
        "reportDir": "out/reports",
        "overwrite": false,
        "html": false,
        "json": true
      },
      "version": "5.1.0"
    }
  }
}